[debug] [2026-04-25T12:33:20.923Z] ----------------------------------------------------------------------
[debug] [2026-04-25T12:33:20.925Z] Command:       /Users/katsumi/.nvm/versions/node/v24.12.0/bin/node /usr/local/bin/firebase init apphosting
[debug] [2026-04-25T12:33:20.925Z] CLI Version:   14.26.0
[debug] [2026-04-25T12:33:20.925Z] Platform:      darwin
[debug] [2026-04-25T12:33:20.925Z] Node Version:  v24.12.0
[debug] [2026-04-25T12:33:20.925Z] Time:          Sat Apr 25 2026 21:33:20 GMT+0900 (日本標準時)
[debug] [2026-04-25T12:33:20.926Z] ----------------------------------------------------------------------
[debug] 
[info] 
     ######## #### ########  ######## ########     ###     ######  ########
     ##        ##  ##     ## ##       ##     ##  ##   ##  ##       ##
     ######    ##  ########  ######   ########  #########  ######  ######
     ##        ##  ##    ##  ##       ##     ## ##     ##       ## ##
     ##       #### ##     ## ######## ########  ##     ##  ######  ########

You're about to initialize a Firebase project in this directory:

  /Users/katsumi/Agent/Projects/tohodan/Artifact/tohodan

Before we get started, keep in mind:

  * You are initializing within an existing Firebase project directory

[info] 
=== Project Setup
[info] 
[info] First, let's associate this project directory with a Firebase project.
[info] You can create multiple project aliases by running firebase use --add, 
[info] 
[debug] [2026-04-25T12:33:21.026Z] > command requires scopes: ["email","openid","https://www.googleapis.com/auth/cloudplatformprojects.readonly","https://www.googleapis.com/auth/firebase","https://www.googleapis.com/auth/cloud-platform"]
[debug] [2026-04-25T12:33:21.026Z] > authorizing via signed-in user (katsumi.kawachi@gmail.com)
[debug] [2026-04-25T12:33:21.026Z] Checked if tokens are valid: true, expires at: 1777123404728
[debug] [2026-04-25T12:33:21.026Z] Checked if tokens are valid: true, expires at: 1777123404728
[debug] [2026-04-25T12:33:21.027Z] >>> [apiv2][query] GET https://firebase.googleapis.com/v1beta1/projects/tohodan-r189 [none]
[debug] [2026-04-25T12:33:21.423Z] <<< [apiv2][status] GET https://firebase.googleapis.com/v1beta1/projects/tohodan-r189 200
[debug] [2026-04-25T12:33:21.423Z] <<< [apiv2][body] GET https://firebase.googleapis.com/v1beta1/projects/tohodan-r189 {"projectId":"tohodan-r189","projectNumber":"591754445867","displayName":"tohodan","name":"projects/tohodan-r189","resources":{"hostingSite":"tohodan-r189"},"state":"ACTIVE","etag":"1_da080e5f-2ca7-4ae3-b31b-1830f569b09e"}
[info] i  Using project tohodan-r189 (tohodan) . 
[info] 
=== App Hosting Setup
[debug] [2026-04-25T12:33:21.434Z] Checked if tokens are valid: true, expires at: 1777123404728
[debug] [2026-04-25T12:33:21.434Z] Checked if tokens are valid: true, expires at: 1777123404728
[debug] [2026-04-25T12:33:21.434Z] >>> [apiv2][query] GET https://cloudbilling.googleapis.com/v1/projects/tohodan-r189/billingInfo [none]
[debug] [2026-04-25T12:33:21.824Z] <<< [apiv2][status] GET https://cloudbilling.googleapis.com/v1/projects/tohodan-r189/billingInfo 200
[debug] [2026-04-25T12:33:21.824Z] <<< [apiv2][body] GET https://cloudbilling.googleapis.com/v1/projects/tohodan-r189/billingInfo {"name":"projects/tohodan-r189/billingInfo","projectId":"tohodan-r189","billingAccountName":"billingAccounts/01900B-6CA850-B6642B","billingEnabled":true}
[debug] [2026-04-25T12:33:21.826Z] Checked if tokens are valid: true, expires at: 1777123404728
[debug] [2026-04-25T12:33:21.826Z] Checked if tokens are valid: true, expires at: 1777123404728
[debug] [2026-04-25T12:33:21.826Z] >>> [apiv2][query] POST https://iam.googleapis.com/v1/projects/tohodan-r189/serviceAccounts/firebase-app-hosting-compute@tohodan-r189.iam.gserviceaccount.com:testIamPermissions [none]
[debug] [2026-04-25T12:33:21.826Z] >>> [apiv2][(partial)header] POST https://iam.googleapis.com/v1/projects/tohodan-r189/serviceAccounts/firebase-app-hosting-compute@tohodan-r189.iam.gserviceaccount.com:testIamPermissions x-goog-quota-user=projects/tohodan-r189
[debug] [2026-04-25T12:33:21.826Z] >>> [apiv2][body] POST https://iam.googleapis.com/v1/projects/tohodan-r189/serviceAccounts/firebase-app-hosting-compute@tohodan-r189.iam.gserviceaccount.com:testIamPermissions {"permissions":["iam.serviceAccounts.actAs"]}
[debug] [2026-04-25T12:33:22.859Z] <<< [apiv2][status] POST https://iam.googleapis.com/v1/projects/tohodan-r189/serviceAccounts/firebase-app-hosting-compute@tohodan-r189.iam.gserviceaccount.com:testIamPermissions 200
[debug] [2026-04-25T12:33:22.859Z] <<< [apiv2][body] POST https://iam.googleapis.com/v1/projects/tohodan-r189/serviceAccounts/firebase-app-hosting-compute@tohodan-r189.iam.gserviceaccount.com:testIamPermissions {"permissions":["iam.serviceAccounts.actAs"]}
[debug] [2026-04-25T12:33:22.860Z] Checked if tokens are valid: true, expires at: 1777123404728
[debug] [2026-04-25T12:33:22.860Z] Checked if tokens are valid: true, expires at: 1777123404728
[debug] [2026-04-25T12:33:22.860Z] >>> [apiv2][query] POST https://iam.googleapis.com/v1/projects/tohodan-r189/serviceAccounts [none]
[debug] [2026-04-25T12:33:22.860Z] >>> [apiv2][body] POST https://iam.googleapis.com/v1/projects/tohodan-r189/serviceAccounts {"accountId":"firebase-app-hosting-compute","serviceAccount":{"displayName":"Firebase App Hosting compute service account","description":"Default service account used to run builds and deploys for Firebase App Hosting"}}
[debug] [2026-04-25T12:33:23.221Z] <<< [apiv2][status] POST https://iam.googleapis.com/v1/projects/tohodan-r189/serviceAccounts 409
[debug] [2026-04-25T12:33:23.221Z] <<< [apiv2][body] POST https://iam.googleapis.com/v1/projects/tohodan-r189/serviceAccounts [omitted]
[debug] [2026-04-25T12:33:23.221Z] Checked if tokens are valid: true, expires at: 1777123404728
[debug] [2026-04-25T12:33:23.221Z] Checked if tokens are valid: true, expires at: 1777123404728
[debug] [2026-04-25T12:33:23.222Z] >>> [apiv2][query] POST https://cloudresourcemanager.googleapis.com/v1/projects/tohodan-r189:getIamPolicy [none]
[debug] [2026-04-25T12:33:24.008Z] <<< [apiv2][status] POST https://cloudresourcemanager.googleapis.com/v1/projects/tohodan-r189:getIamPolicy 200
[debug] [2026-04-25T12:33:24.009Z] <<< [apiv2][body] POST https://cloudresourcemanager.googleapis.com/v1/projects/tohodan-r189:getIamPolicy {"version":1,"etag":"BwZQSABh5ps=","bindings":[{"role":"roles/cloudbuild.builds.builder","members":["serviceAccount:591754445867@cloudbuild.gserviceaccount.com"]},{"role":"roles/cloudbuild.serviceAgent","members":["serviceAccount:service-591754445867@gcp-sa-cloudbuild.iam.gserviceaccount.com"]},{"role":"roles/containerregistry.ServiceAgent","members":["serviceAccount:service-591754445867@containerregistry.iam.gserviceaccount.com"]},{"role":"roles/developerconnect.readTokenAccessor","members":["serviceAccount:firebase-app-hosting-compute@tohodan-r189.iam.gserviceaccount.com"]},{"role":"roles/editor","members":["serviceAccount:591754445867-compute@developer.gserviceaccount.com"]},{"role":"roles/firebase.managementServiceAgent","members":["serviceAccount:service-591754445867@gcp-sa-firebase.iam.gserviceaccount.com"]},{"role":"roles/firebase.sdkAdminServiceAgent","members":["serviceAccount:firebase-adminsdk-fbsvc@tohodan-r189.iam.gserviceaccount.com","serviceAccount:firebase-app-hosting-compute@tohodan-r189.iam.gserviceaccount.com"]},{"role":"roles/firebaseapphosting.computeRunner","members":["serviceAccount:firebase-app-hosting-compute@tohodan-r189.iam.gserviceaccount.com"]},{"role":"roles/firebaseapphosting.serviceAgent","members":["serviceAccount:service-591754445867@gcp-sa-firebaseapphosting.iam.gserviceaccount.com"]},{"role":"roles/firebaseauth.admin","members":["serviceAccount:firebase-adminsdk-fbsvc@tohodan-r189.iam.gserviceaccount.com"]},{"role":"roles/firebaserules.system","members":["serviceAccount:service-591754445867@firebase-rules.iam.gserviceaccount.com"]},{"role":"roles/firestore.serviceAgent","members":["serviceAccount:service-591754445867@gcp-sa-firestore.iam.gserviceaccount.com"]},{"role":"roles/iam.serviceAccountTokenCreator","members":["serviceAccount:firebase-adminsdk-fbsvc@tohodan-r189.iam.gserviceaccount.com"]},{"role":"roles/owner","members":["user:Katsumi.Kawachi@gmail.com"]},{"role":"roles/run.serviceAgent","members":["serviceAccount:service-591754445867@serverless-robot-prod.iam.gserviceaccount.com"]},{"role":"roles/storage.objectViewer","members":["serviceAccount:firebase-app-hosting-compute@tohodan-r189.iam.gserviceaccount.com"]}]}
[debug] [2026-04-25T12:33:24.009Z] Checked if tokens are valid: true, expires at: 1777123404728
[debug] [2026-04-25T12:33:24.010Z] Checked if tokens are valid: true, expires at: 1777123404728
[debug] [2026-04-25T12:33:24.010Z] >>> [apiv2][query] POST https://cloudresourcemanager.googleapis.com/v1/projects/tohodan-r189:setIamPolicy [none]
[debug] [2026-04-25T12:33:24.010Z] >>> [apiv2][body] POST https://cloudresourcemanager.googleapis.com/v1/projects/tohodan-r189:setIamPolicy {"policy":{"version":1,"etag":"BwZQSABh5ps=","bindings":[{"role":"roles/cloudbuild.builds.builder","members":["serviceAccount:591754445867@cloudbuild.gserviceaccount.com"]},{"role":"roles/cloudbuild.serviceAgent","members":["serviceAccount:service-591754445867@gcp-sa-cloudbuild.iam.gserviceaccount.com"]},{"role":"roles/containerregistry.ServiceAgent","members":["serviceAccount:service-591754445867@containerregistry.iam.gserviceaccount.com"]},{"role":"roles/developerconnect.readTokenAccessor","members":["serviceAccount:firebase-app-hosting-compute@tohodan-r189.iam.gserviceaccount.com"]},{"role":"roles/editor","members":["serviceAccount:591754445867-compute@developer.gserviceaccount.com"]},{"role":"roles/firebase.managementServiceAgent","members":["serviceAccount:service-591754445867@gcp-sa-firebase.iam.gserviceaccount.com"]},{"role":"roles/firebase.sdkAdminServiceAgent","members":["serviceAccount:firebase-adminsdk-fbsvc@tohodan-r189.iam.gserviceaccount.com","serviceAccount:firebase-app-hosting-compute@tohodan-r189.iam.gserviceaccount.com"]},{"role":"roles/firebaseapphosting.computeRunner","members":["serviceAccount:firebase-app-hosting-compute@tohodan-r189.iam.gserviceaccount.com"]},{"role":"roles/firebaseapphosting.serviceAgent","members":["serviceAccount:service-591754445867@gcp-sa-firebaseapphosting.iam.gserviceaccount.com"]},{"role":"roles/firebaseauth.admin","members":["serviceAccount:firebase-adminsdk-fbsvc@tohodan-r189.iam.gserviceaccount.com"]},{"role":"roles/firebaserules.system","members":["serviceAccount:service-591754445867@firebase-rules.iam.gserviceaccount.com"]},{"role":"roles/firestore.serviceAgent","members":["serviceAccount:service-591754445867@gcp-sa-firestore.iam.gserviceaccount.com"]},{"role":"roles/iam.serviceAccountTokenCreator","members":["serviceAccount:firebase-adminsdk-fbsvc@tohodan-r189.iam.gserviceaccount.com"]},{"role":"roles/owner","members":["user:Katsumi.Kawachi@gmail.com"]},{"role":"roles/run.serviceAgent","members":["serviceAccount:service-591754445867@serverless-robot-prod.iam.gserviceaccount.com"]},{"role":"roles/storage.objectViewer","members":["serviceAccount:firebase-app-hosting-compute@tohodan-r189.iam.gserviceaccount.com"]}]},"updateMask":"bindings"}
[debug] [2026-04-25T12:33:24.939Z] <<< [apiv2][status] POST https://cloudresourcemanager.googleapis.com/v1/projects/tohodan-r189:setIamPolicy 200
[debug] [2026-04-25T12:33:24.940Z] <<< [apiv2][body] POST https://cloudresourcemanager.googleapis.com/v1/projects/tohodan-r189:setIamPolicy {"version":1,"etag":"BwZQSBZ0vQo=","bindings":[{"role":"roles/cloudbuild.builds.builder","members":["serviceAccount:591754445867@cloudbuild.gserviceaccount.com"]},{"role":"roles/cloudbuild.serviceAgent","members":["serviceAccount:service-591754445867@gcp-sa-cloudbuild.iam.gserviceaccount.com"]},{"role":"roles/containerregistry.ServiceAgent","members":["serviceAccount:service-591754445867@containerregistry.iam.gserviceaccount.com"]},{"role":"roles/developerconnect.readTokenAccessor","members":["serviceAccount:firebase-app-hosting-compute@tohodan-r189.iam.gserviceaccount.com"]},{"role":"roles/editor","members":["serviceAccount:591754445867-compute@developer.gserviceaccount.com"]},{"role":"roles/firebase.managementServiceAgent","members":["serviceAccount:service-591754445867@gcp-sa-firebase.iam.gserviceaccount.com"]},{"role":"roles/firebase.sdkAdminServiceAgent","members":["serviceAccount:firebase-adminsdk-fbsvc@tohodan-r189.iam.gserviceaccount.com","serviceAccount:firebase-app-hosting-compute@tohodan-r189.iam.gserviceaccount.com"]},{"role":"roles/firebaseapphosting.computeRunner","members":["serviceAccount:firebase-app-hosting-compute@tohodan-r189.iam.gserviceaccount.com"]},{"role":"roles/firebaseapphosting.serviceAgent","members":["serviceAccount:service-591754445867@gcp-sa-firebaseapphosting.iam.gserviceaccount.com"]},{"role":"roles/firebaseauth.admin","members":["serviceAccount:firebase-adminsdk-fbsvc@tohodan-r189.iam.gserviceaccount.com"]},{"role":"roles/firebaserules.system","members":["serviceAccount:service-591754445867@firebase-rules.iam.gserviceaccount.com"]},{"role":"roles/firestore.serviceAgent","members":["serviceAccount:service-591754445867@gcp-sa-firestore.iam.gserviceaccount.com"]},{"role":"roles/iam.serviceAccountTokenCreator","members":["serviceAccount:firebase-adminsdk-fbsvc@tohodan-r189.iam.gserviceaccount.com"]},{"role":"roles/owner","members":["user:Katsumi.Kawachi@gmail.com"]},{"role":"roles/run.serviceAgent","members":["serviceAccount:service-591754445867@serverless-robot-prod.iam.gserviceaccount.com"]},{"role":"roles/storage.objectViewer","members":["serviceAccount:firebase-app-hosting-compute@tohodan-r189.iam.gserviceaccount.com"]}]}
[info] i  This command links your local project to Firebase App Hosting. You will be able to deploy your web app with `firebase deploy` after setup. 
[debug] [2026-04-25T12:33:27.325Z] Checked if tokens are valid: true, expires at: 1777123404728
[debug] [2026-04-25T12:33:27.325Z] Checked if tokens are valid: true, expires at: 1777123404728
[debug] [2026-04-25T12:33:27.325Z] >>> [apiv2][query] GET https://firebaseapphosting.googleapis.com/v1beta/projects/tohodan-r189/locations/-/backends 
[debug] [2026-04-25T12:33:28.683Z] <<< [apiv2][status] GET https://firebaseapphosting.googleapis.com/v1beta/projects/tohodan-r189/locations/-/backends 200
[debug] [2026-04-25T12:33:28.683Z] <<< [apiv2][body] GET https://firebaseapphosting.googleapis.com/v1beta/projects/tohodan-r189/locations/-/backends {}
[debug] [2026-04-25T12:34:17.219Z] ExitPromptError: User force closed the prompt with SIGINT
    at Interface.sigint (/usr/local/lib/node_modules/firebase-tools/node_modules/@inquirer/core/dist/commonjs/lib/create-prompt.js:101:37)
    at Interface.emit (node:events:508:28)
    at Interface.emit (node:domain:489:12)
    at [_ttyWrite] [as _ttyWrite] (node:internal/readline/interface:1327:18)
    at ReadStream.onkeypress (node:internal/readline/interface:284:20)
    at ReadStream.emit (node:events:520:35)
    at ReadStream.emit (node:domain:489:12)
    at emitKeys (node:internal/readline/utils:371:14)
    at emitKeys.next (<anonymous>)
    at ReadStream.onData (node:internal/readline/emitKeypressEvents:64:36)
[error] 
[error] Error: An unexpected error has occurred.
[debug] [2026-04-25T12:34:20.609Z] ----------------------------------------------------------------------
[debug] [2026-04-25T12:34:20.612Z] Command:       /Users/katsumi/.nvm/versions/node/v24.12.0/bin/node /usr/local/bin/firebase init apphosting
[debug] [2026-04-25T12:34:20.612Z] CLI Version:   14.26.0
[debug] [2026-04-25T12:34:20.612Z] Platform:      darwin
[debug] [2026-04-25T12:34:20.612Z] Node Version:  v24.12.0
[debug] [2026-04-25T12:34:20.612Z] Time:          Sat Apr 25 2026 21:34:20 GMT+0900 (日本標準時)
[debug] [2026-04-25T12:34:20.612Z] ----------------------------------------------------------------------
[debug] 
[info] 
     ######## #### ########  ######## ########     ###     ######  ########
     ##        ##  ##     ## ##       ##     ##  ##   ##  ##       ##
     ######    ##  ########  ######   ########  #########  ######  ######
     ##        ##  ##    ##  ##       ##     ## ##     ##       ## ##
     ##       #### ##     ## ######## ########  ##     ##  ######  ########

You're about to initialize a Firebase project in this directory:

  /Users/katsumi/Agent/Projects/tohodan/Artifact/tohodan

Before we get started, keep in mind:

  * You are initializing within an existing Firebase project directory

[info] 
=== Project Setup
[info] 
[info] First, let's associate this project directory with a Firebase project.
[info] You can create multiple project aliases by running firebase use --add, 
[info] 
[debug] [2026-04-25T12:34:20.708Z] > command requires scopes: ["email","openid","https://www.googleapis.com/auth/cloudplatformprojects.readonly","https://www.googleapis.com/auth/firebase","https://www.googleapis.com/auth/cloud-platform"]
[debug] [2026-04-25T12:34:20.708Z] > authorizing via signed-in user (katsumi.kawachi@gmail.com)
[debug] [2026-04-25T12:34:20.709Z] Checked if tokens are valid: true, expires at: 1777123404728
[debug] [2026-04-25T12:34:20.709Z] Checked if tokens are valid: true, expires at: 1777123404728
[debug] [2026-04-25T12:34:20.709Z] >>> [apiv2][query] GET https://firebase.googleapis.com/v1beta1/projects/tohodan-r189 [none]
[debug] [2026-04-25T12:34:21.133Z] <<< [apiv2][status] GET https://firebase.googleapis.com/v1beta1/projects/tohodan-r189 200
[debug] [2026-04-25T12:34:21.133Z] <<< [apiv2][body] GET https://firebase.googleapis.com/v1beta1/projects/tohodan-r189 {"projectId":"tohodan-r189","projectNumber":"591754445867","displayName":"tohodan","name":"projects/tohodan-r189","resources":{"hostingSite":"tohodan-r189"},"state":"ACTIVE","etag":"1_da080e5f-2ca7-4ae3-b31b-1830f569b09e"}
[info] i  Using project tohodan-r189 (tohodan) . 
[info] 
=== App Hosting Setup
[debug] [2026-04-25T12:34:21.142Z] Checked if tokens are valid: true, expires at: 1777123404728
[debug] [2026-04-25T12:34:21.142Z] Checked if tokens are valid: true, expires at: 1777123404728
[debug] [2026-04-25T12:34:21.142Z] >>> [apiv2][query] GET https://cloudbilling.googleapis.com/v1/projects/tohodan-r189/billingInfo [none]
[debug] [2026-04-25T12:34:21.521Z] <<< [apiv2][status] GET https://cloudbilling.googleapis.com/v1/projects/tohodan-r189/billingInfo 200
[debug] [2026-04-25T12:34:21.521Z] <<< [apiv2][body] GET https://cloudbilling.googleapis.com/v1/projects/tohodan-r189/billingInfo {"name":"projects/tohodan-r189/billingInfo","projectId":"tohodan-r189","billingAccountName":"billingAccounts/01900B-6CA850-B6642B","billingEnabled":true}
[debug] [2026-04-25T12:34:21.522Z] Checked if tokens are valid: true, expires at: 1777123404728
[debug] [2026-04-25T12:34:21.522Z] Checked if tokens are valid: true, expires at: 1777123404728
[debug] [2026-04-25T12:34:21.522Z] >>> [apiv2][query] POST https://iam.googleapis.com/v1/projects/tohodan-r189/serviceAccounts/firebase-app-hosting-compute@tohodan-r189.iam.gserviceaccount.com:testIamPermissions [none]
[debug] [2026-04-25T12:34:21.522Z] >>> [apiv2][(partial)header] POST https://iam.googleapis.com/v1/projects/tohodan-r189/serviceAccounts/firebase-app-hosting-compute@tohodan-r189.iam.gserviceaccount.com:testIamPermissions x-goog-quota-user=projects/tohodan-r189
[debug] [2026-04-25T12:34:21.522Z] >>> [apiv2][body] POST https://iam.googleapis.com/v1/projects/tohodan-r189/serviceAccounts/firebase-app-hosting-compute@tohodan-r189.iam.gserviceaccount.com:testIamPermissions {"permissions":["iam.serviceAccounts.actAs"]}
[debug] [2026-04-25T12:34:21.778Z] <<< [apiv2][status] POST https://iam.googleapis.com/v1/projects/tohodan-r189/serviceAccounts/firebase-app-hosting-compute@tohodan-r189.iam.gserviceaccount.com:testIamPermissions 200
[debug] [2026-04-25T12:34:21.778Z] <<< [apiv2][body] POST https://iam.googleapis.com/v1/projects/tohodan-r189/serviceAccounts/firebase-app-hosting-compute@tohodan-r189.iam.gserviceaccount.com:testIamPermissions {"permissions":["iam.serviceAccounts.actAs"]}
[debug] [2026-04-25T12:34:21.779Z] Checked if tokens are valid: true, expires at: 1777123404728
[debug] [2026-04-25T12:34:21.779Z] Checked if tokens are valid: true, expires at: 1777123404728
[debug] [2026-04-25T12:34:21.780Z] >>> [apiv2][query] POST https://iam.googleapis.com/v1/projects/tohodan-r189/serviceAccounts [none]
[debug] [2026-04-25T12:34:21.780Z] >>> [apiv2][body] POST https://iam.googleapis.com/v1/projects/tohodan-r189/serviceAccounts {"accountId":"firebase-app-hosting-compute","serviceAccount":{"displayName":"Firebase App Hosting compute service account","description":"Default service account used to run builds and deploys for Firebase App Hosting"}}
[debug] [2026-04-25T12:34:22.282Z] <<< [apiv2][status] POST https://iam.googleapis.com/v1/projects/tohodan-r189/serviceAccounts 409
[debug] [2026-04-25T12:34:22.282Z] <<< [apiv2][body] POST https://iam.googleapis.com/v1/projects/tohodan-r189/serviceAccounts [omitted]
[debug] [2026-04-25T12:34:22.283Z] Checked if tokens are valid: true, expires at: 1777123404728
[debug] [2026-04-25T12:34:22.283Z] Checked if tokens are valid: true, expires at: 1777123404728
[debug] [2026-04-25T12:34:22.284Z] >>> [apiv2][query] POST https://cloudresourcemanager.googleapis.com/v1/projects/tohodan-r189:getIamPolicy [none]
[debug] [2026-04-25T12:34:22.576Z] <<< [apiv2][status] POST https://cloudresourcemanager.googleapis.com/v1/projects/tohodan-r189:getIamPolicy 200
[debug] [2026-04-25T12:34:22.577Z] <<< [apiv2][body] POST https://cloudresourcemanager.googleapis.com/v1/projects/tohodan-r189:getIamPolicy {"version":1,"etag":"BwZQSBZ0vQo=","bindings":[{"role":"roles/cloudbuild.builds.builder","members":["serviceAccount:591754445867@cloudbuild.gserviceaccount.com"]},{"role":"roles/cloudbuild.serviceAgent","members":["serviceAccount:service-591754445867@gcp-sa-cloudbuild.iam.gserviceaccount.com"]},{"role":"roles/containerregistry.ServiceAgent","members":["serviceAccount:service-591754445867@containerregistry.iam.gserviceaccount.com"]},{"role":"roles/developerconnect.readTokenAccessor","members":["serviceAccount:firebase-app-hosting-compute@tohodan-r189.iam.gserviceaccount.com"]},{"role":"roles/editor","members":["serviceAccount:591754445867-compute@developer.gserviceaccount.com"]},{"role":"roles/firebase.managementServiceAgent","members":["serviceAccount:service-591754445867@gcp-sa-firebase.iam.gserviceaccount.com"]},{"role":"roles/firebase.sdkAdminServiceAgent","members":["serviceAccount:firebase-adminsdk-fbsvc@tohodan-r189.iam.gserviceaccount.com","serviceAccount:firebase-app-hosting-compute@tohodan-r189.iam.gserviceaccount.com"]},{"role":"roles/firebaseapphosting.computeRunner","members":["serviceAccount:firebase-app-hosting-compute@tohodan-r189.iam.gserviceaccount.com"]},{"role":"roles/firebaseapphosting.serviceAgent","members":["serviceAccount:service-591754445867@gcp-sa-firebaseapphosting.iam.gserviceaccount.com"]},{"role":"roles/firebaseauth.admin","members":["serviceAccount:firebase-adminsdk-fbsvc@tohodan-r189.iam.gserviceaccount.com"]},{"role":"roles/firebaserules.system","members":["serviceAccount:service-591754445867@firebase-rules.iam.gserviceaccount.com"]},{"role":"roles/firestore.serviceAgent","members":["serviceAccount:service-591754445867@gcp-sa-firestore.iam.gserviceaccount.com"]},{"role":"roles/iam.serviceAccountTokenCreator","members":["serviceAccount:firebase-adminsdk-fbsvc@tohodan-r189.iam.gserviceaccount.com"]},{"role":"roles/owner","members":["user:Katsumi.Kawachi@gmail.com"]},{"role":"roles/run.serviceAgent","members":["serviceAccount:service-591754445867@serverless-robot-prod.iam.gserviceaccount.com"]},{"role":"roles/storage.objectViewer","members":["serviceAccount:firebase-app-hosting-compute@tohodan-r189.iam.gserviceaccount.com"]}]}
[debug] [2026-04-25T12:34:22.577Z] Checked if tokens are valid: true, expires at: 1777123404728
[debug] [2026-04-25T12:34:22.577Z] Checked if tokens are valid: true, expires at: 1777123404728
[debug] [2026-04-25T12:34:22.577Z] >>> [apiv2][query] POST https://cloudresourcemanager.googleapis.com/v1/projects/tohodan-r189:setIamPolicy [none]
[debug] [2026-04-25T12:34:22.577Z] >>> [apiv2][body] POST https://cloudresourcemanager.googleapis.com/v1/projects/tohodan-r189:setIamPolicy {"policy":{"version":1,"etag":"BwZQSBZ0vQo=","bindings":[{"role":"roles/cloudbuild.builds.builder","members":["serviceAccount:591754445867@cloudbuild.gserviceaccount.com"]},{"role":"roles/cloudbuild.serviceAgent","members":["serviceAccount:service-591754445867@gcp-sa-cloudbuild.iam.gserviceaccount.com"]},{"role":"roles/containerregistry.ServiceAgent","members":["serviceAccount:service-591754445867@containerregistry.iam.gserviceaccount.com"]},{"role":"roles/developerconnect.readTokenAccessor","members":["serviceAccount:firebase-app-hosting-compute@tohodan-r189.iam.gserviceaccount.com"]},{"role":"roles/editor","members":["serviceAccount:591754445867-compute@developer.gserviceaccount.com"]},{"role":"roles/firebase.managementServiceAgent","members":["serviceAccount:service-591754445867@gcp-sa-firebase.iam.gserviceaccount.com"]},{"role":"roles/firebase.sdkAdminServiceAgent","members":["serviceAccount:firebase-adminsdk-fbsvc@tohodan-r189.iam.gserviceaccount.com","serviceAccount:firebase-app-hosting-compute@tohodan-r189.iam.gserviceaccount.com"]},{"role":"roles/firebaseapphosting.computeRunner","members":["serviceAccount:firebase-app-hosting-compute@tohodan-r189.iam.gserviceaccount.com"]},{"role":"roles/firebaseapphosting.serviceAgent","members":["serviceAccount:service-591754445867@gcp-sa-firebaseapphosting.iam.gserviceaccount.com"]},{"role":"roles/firebaseauth.admin","members":["serviceAccount:firebase-adminsdk-fbsvc@tohodan-r189.iam.gserviceaccount.com"]},{"role":"roles/firebaserules.system","members":["serviceAccount:service-591754445867@firebase-rules.iam.gserviceaccount.com"]},{"role":"roles/firestore.serviceAgent","members":["serviceAccount:service-591754445867@gcp-sa-firestore.iam.gserviceaccount.com"]},{"role":"roles/iam.serviceAccountTokenCreator","members":["serviceAccount:firebase-adminsdk-fbsvc@tohodan-r189.iam.gserviceaccount.com"]},{"role":"roles/owner","members":["user:Katsumi.Kawachi@gmail.com"]},{"role":"roles/run.serviceAgent","members":["serviceAccount:service-591754445867@serverless-robot-prod.iam.gserviceaccount.com"]},{"role":"roles/storage.objectViewer","members":["serviceAccount:firebase-app-hosting-compute@tohodan-r189.iam.gserviceaccount.com"]}]},"updateMask":"bindings"}
[debug] [2026-04-25T12:34:23.734Z] <<< [apiv2][status] POST https://cloudresourcemanager.googleapis.com/v1/projects/tohodan-r189:setIamPolicy 200
[debug] [2026-04-25T12:34:23.735Z] <<< [apiv2][body] POST https://cloudresourcemanager.googleapis.com/v1/projects/tohodan-r189:setIamPolicy {"version":1,"etag":"BwZQSBn17Lk=","bindings":[{"role":"roles/cloudbuild.builds.builder","members":["serviceAccount:591754445867@cloudbuild.gserviceaccount.com"]},{"role":"roles/cloudbuild.serviceAgent","members":["serviceAccount:service-591754445867@gcp-sa-cloudbuild.iam.gserviceaccount.com"]},{"role":"roles/containerregistry.ServiceAgent","members":["serviceAccount:service-591754445867@containerregistry.iam.gserviceaccount.com"]},{"role":"roles/developerconnect.readTokenAccessor","members":["serviceAccount:firebase-app-hosting-compute@tohodan-r189.iam.gserviceaccount.com"]},{"role":"roles/editor","members":["serviceAccount:591754445867-compute@developer.gserviceaccount.com"]},{"role":"roles/firebase.managementServiceAgent","members":["serviceAccount:service-591754445867@gcp-sa-firebase.iam.gserviceaccount.com"]},{"role":"roles/firebase.sdkAdminServiceAgent","members":["serviceAccount:firebase-adminsdk-fbsvc@tohodan-r189.iam.gserviceaccount.com","serviceAccount:firebase-app-hosting-compute@tohodan-r189.iam.gserviceaccount.com"]},{"role":"roles/firebaseapphosting.computeRunner","members":["serviceAccount:firebase-app-hosting-compute@tohodan-r189.iam.gserviceaccount.com"]},{"role":"roles/firebaseapphosting.serviceAgent","members":["serviceAccount:service-591754445867@gcp-sa-firebaseapphosting.iam.gserviceaccount.com"]},{"role":"roles/firebaseauth.admin","members":["serviceAccount:firebase-adminsdk-fbsvc@tohodan-r189.iam.gserviceaccount.com"]},{"role":"roles/firebaserules.system","members":["serviceAccount:service-591754445867@firebase-rules.iam.gserviceaccount.com"]},{"role":"roles/firestore.serviceAgent","members":["serviceAccount:service-591754445867@gcp-sa-firestore.iam.gserviceaccount.com"]},{"role":"roles/iam.serviceAccountTokenCreator","members":["serviceAccount:firebase-adminsdk-fbsvc@tohodan-r189.iam.gserviceaccount.com"]},{"role":"roles/owner","members":["user:Katsumi.Kawachi@gmail.com"]},{"role":"roles/run.serviceAgent","members":["serviceAccount:service-591754445867@serverless-robot-prod.iam.gserviceaccount.com"]},{"role":"roles/storage.objectViewer","members":["serviceAccount:firebase-app-hosting-compute@tohodan-r189.iam.gserviceaccount.com"]}]}
[info] i  This command links your local project to Firebase App Hosting. You will be able to deploy your web app with `firebase deploy` after setup. 
[debug] [2026-04-25T12:34:25.972Z] Checked if tokens are valid: true, expires at: 1777123404728
[debug] [2026-04-25T12:34:25.972Z] Checked if tokens are valid: true, expires at: 1777123404728
[debug] [2026-04-25T12:34:25.972Z] >>> [apiv2][query] GET https://firebaseapphosting.googleapis.com/v1beta/projects/tohodan-r189/locations/-/backends 
[debug] [2026-04-25T12:34:27.317Z] <<< [apiv2][status] GET https://firebaseapphosting.googleapis.com/v1beta/projects/tohodan-r189/locations/-/backends 200
[debug] [2026-04-25T12:34:27.317Z] <<< [apiv2][body] GET https://firebaseapphosting.googleapis.com/v1beta/projects/tohodan-r189/locations/-/backends {}
[debug] [2026-04-25T12:35:38.424Z] ExitPromptError: User force closed the prompt with SIGINT
    at Interface.sigint (/usr/local/lib/node_modules/firebase-tools/node_modules/@inquirer/core/dist/commonjs/lib/create-prompt.js:101:37)
    at Interface.emit (node:events:508:28)
    at Interface.emit (node:domain:489:12)
    at [_ttyWrite] [as _ttyWrite] (node:internal/readline/interface:1327:18)
    at ReadStream.onkeypress (node:internal/readline/interface:284:20)
    at ReadStream.emit (node:events:520:35)
    at ReadStream.emit (node:domain:489:12)
    at emitKeys (node:internal/readline/utils:371:14)
    at emitKeys.next (<anonymous>)
    at ReadStream.onData (node:internal/readline/emitKeypressEvents:64:36)
[error] 
[error] Error: An unexpected error has occurred.
